<?xml version="1.0" encoding="UTF-8"?>
<!-- Generated by org.testng.reporters.JUnitReportReporter -->
<testsuite skipped="0" hostname="Admin-PC" name="dbtest.DbConnectiontest" tests="2" failures="0" timestamp="2020-01-08T00:17:27 EST" time="0.811" errors="0">
  <testcase name="testMYSQLConnectivity" time="0.020" classname="dbtest.DbConnectiontest"/>
  <testcase name="readFromTable" time="0.791" classname="dbtest.DbConnectiontest"/>
</testsuite> <!-- dbtest.DbConnectiontest -->
