<?xml version="1.0" encoding="UTF-8"?>
<!-- Generated by org.testng.reporters.JUnitReportReporter -->
<testsuite skipped="0" hostname="Admin-PC" name="accountstest.SalaryCalculatorTest" tests="1" failures="0" timestamp="2020-01-06T10:18:24 EST" time="1.118" errors="0">
  <testcase name="testSalaryCalculator" time="1.118" classname="accountstest.SalaryCalculatorTest"/>
</testsuite> <!-- accountstest.SalaryCalculatorTest -->
